1674180930.254329 client started (79997): version 3.0a, socket /tmp/tmux-1000/default, protocol 8
1674180930.254361 on Linux 5.15.0-58-generic #64~20.04.1-Ubuntu SMP Fri Jan 6 16:42:31 UTC 2023; libevent 2.1.11-stable (poll)
1674180930.254380 socket is /tmp/tmux-1000/default
1674180930.254392 trying connect
1674180930.254460 add peer 0x56549d38e4e0: 6 ((nil))
1674180930.254540 sending message 100 to peer 0x56549d38e4e0 (4 bytes)
1674180930.254548 sending message 101 to peer 0x56549d38e4e0 (16 bytes)
1674180930.254554 sending message 102 to peer 0x56549d38e4e0 (11 bytes)
1674180930.254558 sending message 108 to peer 0x56549d38e4e0 (26 bytes)
1674180930.254564 sending message 104 to peer 0x56549d38e4e0 (0 bytes)
1674180930.254570 sending message 107 to peer 0x56549d38e4e0 (4 bytes)
1674180930.254575 sending message 105 to peer 0x56549d38e4e0 (16 bytes)
1674180930.254580 sending message 105 to peer 0x56549d38e4e0 (110 bytes)
1674180930.254585 sending message 105 to peer 0x56549d38e4e0 (19 bytes)
1674180930.254590 sending message 105 to peer 0x56549d38e4e0 (20 bytes)
1674180930.254595 sending message 105 to peer 0x56549d38e4e0 (45 bytes)
1674180930.254600 sending message 105 to peer 0x56549d38e4e0 (50 bytes)
1674180930.254605 sending message 105 to peer 0x56549d38e4e0 (62 bytes)
1674180930.254610 sending message 105 to peer 0x56549d38e4e0 (23 bytes)
1674180930.254614 sending message 105 to peer 0x56549d38e4e0 (44 bytes)
1674180930.254619 sending message 105 to peer 0x56549d38e4e0 (36 bytes)
1674180930.254624 sending message 105 to peer 0x56549d38e4e0 (54 bytes)
1674180930.254629 sending message 105 to peer 0x56549d38e4e0 (15 bytes)
1674180930.254633 sending message 105 to peer 0x56549d38e4e0 (25 bytes)
1674180930.254638 sending message 105 to peer 0x56549d38e4e0 (32 bytes)
1674180930.254643 sending message 105 to peer 0x56549d38e4e0 (41 bytes)
1674180930.254647 sending message 105 to peer 0x56549d38e4e0 (26 bytes)
1674180930.254652 sending message 105 to peer 0x56549d38e4e0 (29 bytes)
1674180930.254656 sending message 105 to peer 0x56549d38e4e0 (53 bytes)
1674180930.254661 sending message 105 to peer 0x56549d38e4e0 (20 bytes)
1674180930.254668 sending message 105 to peer 0x56549d38e4e0 (23 bytes)
1674180930.254673 sending message 105 to peer 0x56549d38e4e0 (17 bytes)
1674180930.254678 sending message 105 to peer 0x56549d38e4e0 (19 bytes)
1674180930.254682 sending message 105 to peer 0x56549d38e4e0 (24 bytes)
1674180930.254687 sending message 105 to peer 0x56549d38e4e0 (109 bytes)
1674180930.254692 sending message 105 to peer 0x56549d38e4e0 (28 bytes)
1674180930.254696 sending message 105 to peer 0x56549d38e4e0 (30 bytes)
1674180930.254701 sending message 105 to peer 0x56549d38e4e0 (15 bytes)
1674180930.254705 sending message 105 to peer 0x56549d38e4e0 (27 bytes)
1674180930.254710 sending message 105 to peer 0x56549d38e4e0 (21 bytes)
1674180930.254714 sending message 105 to peer 0x56549d38e4e0 (41 bytes)
1674180930.254719 sending message 105 to peer 0x56549d38e4e0 (52 bytes)
1674180930.254724 sending message 105 to peer 0x56549d38e4e0 (41 bytes)
1674180930.254729 sending message 105 to peer 0x56549d38e4e0 (83 bytes)
1674180930.254748 sending message 105 to peer 0x56549d38e4e0 (13 bytes)
1674180930.254754 sending message 105 to peer 0x56549d38e4e0 (18 bytes)
1674180930.254758 sending message 105 to peer 0x56549d38e4e0 (16 bytes)
1674180930.254763 sending message 105 to peer 0x56549d38e4e0 (18 bytes)
1674180930.254768 sending message 105 to peer 0x56549d38e4e0 (17 bytes)
1674180930.254774 sending message 105 to peer 0x56549d38e4e0 (1506 bytes)
1674180930.254786 sending message 105 to peer 0x56549d38e4e0 (33 bytes)
1674180930.254791 sending message 105 to peer 0x56549d38e4e0 (17 bytes)
1674180930.254796 sending message 105 to peer 0x56549d38e4e0 (86 bytes)
1674180930.254801 sending message 105 to peer 0x56549d38e4e0 (51 bytes)
1674180930.254806 sending message 105 to peer 0x56549d38e4e0 (47 bytes)
1674180930.254811 sending message 105 to peer 0x56549d38e4e0 (16 bytes)
1674180930.254816 sending message 105 to peer 0x56549d38e4e0 (42 bytes)
1674180930.254828 sending message 105 to peer 0x56549d38e4e0 (26 bytes)
1674180930.254834 sending message 105 to peer 0x56549d38e4e0 (34 bytes)
1674180930.254839 sending message 105 to peer 0x56549d38e4e0 (23 bytes)
1674180930.254844 sending message 105 to peer 0x56549d38e4e0 (21 bytes)
1674180930.254848 sending message 105 to peer 0x56549d38e4e0 (51 bytes)
1674180930.254853 sending message 105 to peer 0x56549d38e4e0 (32 bytes)
1674180930.254858 sending message 105 to peer 0x56549d38e4e0 (12 bytes)
1674180930.254863 sending message 105 to peer 0x56549d38e4e0 (14 bytes)
1674180930.254868 sending message 105 to peer 0x56549d38e4e0 (30 bytes)
1674180930.254873 sending message 105 to peer 0x56549d38e4e0 (11 bytes)
1674180930.254878 sending message 105 to peer 0x56549d38e4e0 (8 bytes)
1674180930.254883 sending message 105 to peer 0x56549d38e4e0 (14 bytes)
1674180930.254888 sending message 105 to peer 0x56549d38e4e0 (18 bytes)
1674180930.254893 sending message 105 to peer 0x56549d38e4e0 (31 bytes)
1674180930.254897 sending message 105 to peer 0x56549d38e4e0 (29 bytes)
1674180930.254902 sending message 105 to peer 0x56549d38e4e0 (23 bytes)
1674180930.254907 sending message 105 to peer 0x56549d38e4e0 (85 bytes)
1674180930.254913 sending message 105 to peer 0x56549d38e4e0 (584 bytes)
1674180930.254918 sending message 105 to peer 0x56549d38e4e0 (18 bytes)
1674180930.254923 sending message 105 to peer 0x56549d38e4e0 (54 bytes)
1674180930.254928 sending message 105 to peer 0x56549d38e4e0 (44 bytes)
1674180930.254933 sending message 105 to peer 0x56549d38e4e0 (70 bytes)
1674180930.254938 sending message 105 to peer 0x56549d38e4e0 (53 bytes)
1674180930.254943 sending message 105 to peer 0x56549d38e4e0 (16 bytes)
1674180930.254948 sending message 106 to peer 0x56549d38e4e0 (0 bytes)
1674180930.254953 sending message 200 to peer 0x56549d38e4e0 (4 bytes)
1674180930.254958 client loop enter
1674180930.255727 peer 0x56549d38e4e0 message 211
1674180930.255737 client_write: sessions should be nested with care, unset $TMUX to force\n
1674180930.255750 peer 0x56549d38e4e0 message 203
1674180930.255756 client loop exit
